WebService_FileExposure:154, [DEBUG] 2023-01-01 19:34:28 - ENV variable 'LYO_BASEURL' not defined
WebService_FileExposure:164, [DEBUG] 2023-01-01 19:34:28 - System (JVM) property 'com.krusty84.fileconnector.servlet.baseurl' not defined
WebService_FileExposure:177, [INFO ] 2023-01-01 19:34:28 - Found com.krusty84.fileconnector.servlet.baseurl context parameter
WebService_FileExposure:83, [INFO ] 2023-01-01 19:34:28 - Setting public URI: http://localhost:8181/filesystem-connector
WebService_FileExposure:85, [INFO ] 2023-01-01 19:34:28 - Setting servlet path: /oslc/
WebService_FileExposure:93, [INFO ] 2023-01-01 19:34:28 - servletListner contextInitialized.
CrossOriginFilter:223, [DEBUG] 2023-01-01 19:34:28 - Cross-origin filter configuration: allowedOrigins = *, allowedTimingOrigins = null, allowedMethods = GET,POST,HEAD, allowedHeaders = X-Requested-With,Content-Type,Accept,Origin, preflightMaxAge = 1800, allowCredentials = true,exposedHeaders = ,chainPreflight = true
WebService_FileExposure:55, [INFO ] 2023-01-01 19:34:29 - HK2 contract binding init
WebService_FileExposure:62, [INFO ] 2023-01-01 19:34:29 - HK2 contract binding start
RestDelegate:65, [TRACE] 2023-01-01 19:36:27 - Delegate is initialized
ServiceProviderService1:247, [INFO ] 2023-01-01 19:36:27 - The Query was called,from: plugins
RestDelegate:138, [INFO ] 2023-01-01 19:36:29 - Resource ID: 13
RestDelegate:139, [INFO ] 2023-01-01 19:36:29 - In Fact this is the file: org.polarsys.capella.vp.mass.rules.generation.source_1.3.0.201811121102.jar
WebService_FileExposure:280, [INFO ] 2023-01-01 19:36:29 - Current File: org.polarsys.capella.vp.mass.rules.generation.source_1.3.0.201811121102.jar
WebService_FileExposure:281, [INFO ] 2023-01-01 19:36:29 - Last Mod Date: Mon Nov 12 06:05:24 MSK 2018
AbstractOslcRdfXmlProvider:281, [TRACE] 2023-01-01 19:36:29 - Using 'RDF/XML-ABBREV' writer for 'application/xml' Accept media type
LocatorFile:154, [TRACE] 2023-01-01 19:36:29 - Not found: location-mapping.ttl
LocatorClassLoader:66, [TRACE] 2023-01-01 19:36:29 - Failed to open: location-mapping.ttl
LocatorFile:154, [TRACE] 2023-01-01 19:36:29 - Not found: location-mapping.rdf
LocatorClassLoader:66, [TRACE] 2023-01-01 19:36:29 - Failed to open: location-mapping.rdf
LocatorFile:154, [TRACE] 2023-01-01 19:36:29 - Not found: etc/location-mapping.rdf
LocatorClassLoader:66, [TRACE] 2023-01-01 19:36:29 - Failed to open: etc/location-mapping.rdf
LocatorFile:154, [TRACE] 2023-01-01 19:36:29 - Not found: etc/location-mapping.ttl
LocatorClassLoader:66, [TRACE] 2023-01-01 19:36:29 - Failed to open: etc/location-mapping.ttl
JenaIOEnvironment:180, [DEBUG] 2023-01-01 19:36:29 - Failed to find configuration: location-mapping.ttl;location-mapping.rdf;etc/location-mapping.rdf;etc/location-mapping.ttl
RestDelegate:138, [INFO ] 2023-01-01 19:36:29 - Resource ID: 13
RestDelegate:139, [INFO ] 2023-01-01 19:36:29 - In Fact this is the file: org.polarsys.capella.vp.mass.rules.generation.source_1.3.0.201811121102.jar
WebService_FileExposure:208, [INFO ] 2023-01-01 19:36:29 - Current File: org.polarsys.capella.vp.mass.rules.generation.source_1.3.0.201811121102.jar
WebService_FileExposure:209, [INFO ] 2023-01-01 19:36:29 - Last Mod Date: Mon Nov 12 06:05:24 MSK 2018
RestDelegate:138, [INFO ] 2023-01-01 19:36:30 - Resource ID: 13
RestDelegate:139, [INFO ] 2023-01-01 19:36:30 - In Fact this is the file: org.polarsys.capella.vp.mass.rules.generation.source_1.3.0.201811121102.jar
WebService_FileExposure:280, [INFO ] 2023-01-01 19:36:30 - Current File: org.polarsys.capella.vp.mass.rules.generation.source_1.3.0.201811121102.jar
WebService_FileExposure:281, [INFO ] 2023-01-01 19:36:30 - Last Mod Date: Mon Nov 12 06:05:24 MSK 2018
AbstractOslcRdfXmlProvider:281, [TRACE] 2023-01-01 19:36:30 - Using 'RDF/XML-ABBREV' writer for 'application/xml' Accept media type
info:337, [DEBUG] 2023-01-01 19:36:30 - System architecture: 64 bit
System:78, [DEBUG] 2023-01-01 19:36:30 - System architecture: 64 bit
JenaModelHelper:230, [TRACE] 2023-01-01 19:36:30 - createJenaModel - Execution Duration: 241 ms
JenaModelHelper:230, [TRACE] 2023-01-01 19:36:30 - createJenaModel - Execution Duration: 1317 ms
AbstractOslcRdfXmlProvider:154, [TRACE] 2023-01-01 19:36:30 - writeObjectsTo - Execution Duration: 307 ms
AbstractOslcRdfXmlProvider:154, [TRACE] 2023-01-01 19:36:30 - writeObjectsTo - Execution Duration: 1396 ms
WebService_FileExposure:154, [DEBUG] 2023-01-01 19:37:26 - ENV variable 'LYO_BASEURL' not defined
WebService_FileExposure:164, [DEBUG] 2023-01-01 19:37:26 - System (JVM) property 'com.krusty84.fileconnector.servlet.baseurl' not defined
WebService_FileExposure:177, [INFO ] 2023-01-01 19:37:26 - Found com.krusty84.fileconnector.servlet.baseurl context parameter
WebService_FileExposure:83, [INFO ] 2023-01-01 19:37:26 - Setting public URI: http://localhost:8181/filesystem-connector
WebService_FileExposure:85, [INFO ] 2023-01-01 19:37:26 - Setting servlet path: /oslc/
WebService_FileExposure:93, [INFO ] 2023-01-01 19:37:26 - servletListner contextInitialized.
CrossOriginFilter:223, [DEBUG] 2023-01-01 19:37:26 - Cross-origin filter configuration: allowedOrigins = *, allowedTimingOrigins = null, allowedMethods = GET,POST,HEAD, allowedHeaders = X-Requested-With,Content-Type,Accept,Origin, preflightMaxAge = 1800, allowCredentials = true,exposedHeaders = ,chainPreflight = true
WebService_FileExposure:55, [INFO ] 2023-01-01 19:37:27 - HK2 contract binding init
WebService_FileExposure:62, [INFO ] 2023-01-01 19:37:27 - HK2 contract binding start
RestDelegate:65, [TRACE] 2023-01-01 19:39:17 - Delegate is initialized
ServiceProviderService1:247, [INFO ] 2023-01-01 19:39:17 - The Query was called,from: plugins
RestDelegate:138, [INFO ] 2023-01-01 19:39:20 - Resource ID: 13
RestDelegate:139, [INFO ] 2023-01-01 19:39:20 - In Fact this is the file: org.polarsys.capella.vp.mass.rules.generation.source_1.3.0.201811121102.jar
WebService_FileExposure:280, [INFO ] 2023-01-01 19:39:20 - Current File: org.polarsys.capella.vp.mass.rules.generation.source_1.3.0.201811121102.jar
WebService_FileExposure:281, [INFO ] 2023-01-01 19:39:20 - Last Mod Date: Mon Nov 12 06:05:24 MSK 2018
AbstractOslcRdfXmlProvider:281, [TRACE] 2023-01-01 19:39:20 - Using 'RDF/XML-ABBREV' writer for 'application/xml' Accept media type
LocatorFile:154, [TRACE] 2023-01-01 19:39:20 - Not found: location-mapping.ttl
LocatorClassLoader:66, [TRACE] 2023-01-01 19:39:20 - Failed to open: location-mapping.ttl
LocatorFile:154, [TRACE] 2023-01-01 19:39:20 - Not found: location-mapping.rdf
LocatorClassLoader:66, [TRACE] 2023-01-01 19:39:20 - Failed to open: location-mapping.rdf
LocatorFile:154, [TRACE] 2023-01-01 19:39:20 - Not found: etc/location-mapping.rdf
LocatorClassLoader:66, [TRACE] 2023-01-01 19:39:20 - Failed to open: etc/location-mapping.rdf
LocatorFile:154, [TRACE] 2023-01-01 19:39:20 - Not found: etc/location-mapping.ttl
LocatorClassLoader:66, [TRACE] 2023-01-01 19:39:20 - Failed to open: etc/location-mapping.ttl
JenaIOEnvironment:180, [DEBUG] 2023-01-01 19:39:20 - Failed to find configuration: location-mapping.ttl;location-mapping.rdf;etc/location-mapping.rdf;etc/location-mapping.ttl
info:337, [DEBUG] 2023-01-01 19:39:21 - System architecture: 64 bit
System:78, [DEBUG] 2023-01-01 19:39:21 - System architecture: 64 bit
JenaModelHelper:230, [TRACE] 2023-01-01 19:39:21 - createJenaModel - Execution Duration: 1131 ms
AbstractOslcRdfXmlProvider:154, [TRACE] 2023-01-01 19:39:21 - writeObjectsTo - Execution Duration: 1183 ms
WebService_FileExposure:154, [DEBUG] 2023-01-01 19:41:05 - ENV variable 'LYO_BASEURL' not defined
WebService_FileExposure:164, [DEBUG] 2023-01-01 19:41:05 - System (JVM) property 'com.krusty84.fileconnector.servlet.baseurl' not defined
WebService_FileExposure:177, [INFO ] 2023-01-01 19:41:05 - Found com.krusty84.fileconnector.servlet.baseurl context parameter
WebService_FileExposure:83, [INFO ] 2023-01-01 19:41:05 - Setting public URI: http://localhost:8181/filesystem-connector
WebService_FileExposure:85, [INFO ] 2023-01-01 19:41:05 - Setting servlet path: /oslc/
WebService_FileExposure:93, [INFO ] 2023-01-01 19:41:05 - servletListner contextInitialized.
CrossOriginFilter:223, [DEBUG] 2023-01-01 19:41:05 - Cross-origin filter configuration: allowedOrigins = *, allowedTimingOrigins = null, allowedMethods = GET,POST,HEAD, allowedHeaders = X-Requested-With,Content-Type,Accept,Origin, preflightMaxAge = 1800, allowCredentials = true,exposedHeaders = ,chainPreflight = true
WebService_FileExposure:55, [INFO ] 2023-01-01 19:41:07 - HK2 contract binding init
WebService_FileExposure:62, [INFO ] 2023-01-01 19:41:07 - HK2 contract binding start
RestDelegate:65, [TRACE] 2023-01-01 19:42:10 - Delegate is initialized
ServiceProviderService1:247, [INFO ] 2023-01-01 19:42:10 - The Query was called,from: plugins
RestDelegate:138, [INFO ] 2023-01-01 19:42:13 - Resource ID: 16
RestDelegate:139, [INFO ] 2023-01-01 19:42:13 - In Fact this is the file: org.polarsys.capella.vp.mass.rules.transformation_1.3.0.201811121102.jar
WebService_FileExposure:280, [INFO ] 2023-01-01 19:42:13 - Current File: org.polarsys.capella.vp.mass.rules.transformation_1.3.0.201811121102.jar
WebService_FileExposure:281, [INFO ] 2023-01-01 19:42:13 - Last Mod Date: Mon Nov 12 06:05:24 MSK 2018
AbstractOslcRdfXmlProvider:281, [TRACE] 2023-01-01 19:42:13 - Using 'RDF/XML-ABBREV' writer for 'application/xml' Accept media type
RestDelegate:138, [INFO ] 2023-01-01 19:42:13 - Resource ID: 15
RestDelegate:139, [INFO ] 2023-01-01 19:42:13 - In Fact this is the file: org.polarsys.capella.vp.mass.rules.transformation.source_1.3.0.201811121102.jar
WebService_FileExposure:280, [INFO ] 2023-01-01 19:42:13 - Current File: org.polarsys.capella.vp.mass.rules.transformation.source_1.3.0.201811121102.jar
WebService_FileExposure:281, [INFO ] 2023-01-01 19:42:13 - Last Mod Date: Mon Nov 12 06:05:24 MSK 2018
AbstractOslcRdfXmlProvider:281, [TRACE] 2023-01-01 19:42:13 - Using 'RDF/XML-ABBREV' writer for 'application/xml' Accept media type
LocatorFile:154, [TRACE] 2023-01-01 19:42:13 - Not found: location-mapping.ttl
LocatorClassLoader:66, [TRACE] 2023-01-01 19:42:13 - Failed to open: location-mapping.ttl
LocatorFile:154, [TRACE] 2023-01-01 19:42:13 - Not found: location-mapping.rdf
LocatorClassLoader:66, [TRACE] 2023-01-01 19:42:13 - Failed to open: location-mapping.rdf
LocatorFile:154, [TRACE] 2023-01-01 19:42:13 - Not found: etc/location-mapping.rdf
LocatorClassLoader:66, [TRACE] 2023-01-01 19:42:13 - Failed to open: etc/location-mapping.rdf
LocatorFile:154, [TRACE] 2023-01-01 19:42:13 - Not found: etc/location-mapping.ttl
LocatorClassLoader:66, [TRACE] 2023-01-01 19:42:13 - Failed to open: etc/location-mapping.ttl
JenaIOEnvironment:180, [DEBUG] 2023-01-01 19:42:13 - Failed to find configuration: location-mapping.ttl;location-mapping.rdf;etc/location-mapping.rdf;etc/location-mapping.ttl
info:337, [DEBUG] 2023-01-01 19:42:14 - System architecture: 64 bit
System:78, [DEBUG] 2023-01-01 19:42:14 - System architecture: 64 bit
JenaModelHelper:230, [TRACE] 2023-01-01 19:42:14 - createJenaModel - Execution Duration: 1097 ms
JenaModelHelper:230, [TRACE] 2023-01-01 19:42:14 - createJenaModel - Execution Duration: 1250 ms
AbstractOslcRdfXmlProvider:154, [TRACE] 2023-01-01 19:42:14 - writeObjectsTo - Execution Duration: 1305 ms
AbstractOslcRdfXmlProvider:154, [TRACE] 2023-01-01 19:42:14 - writeObjectsTo - Execution Duration: 1138 ms
RestDelegate:138, [INFO ] 2023-01-01 19:42:15 - Resource ID: 15
RestDelegate:139, [INFO ] 2023-01-01 19:42:15 - In Fact this is the file: org.polarsys.capella.vp.mass.rules.transformation.source_1.3.0.201811121102.jar
WebService_FileExposure:280, [INFO ] 2023-01-01 19:42:15 - Current File: org.polarsys.capella.vp.mass.rules.transformation.source_1.3.0.201811121102.jar
WebService_FileExposure:281, [INFO ] 2023-01-01 19:42:15 - Last Mod Date: Mon Nov 12 06:05:24 MSK 2018
AbstractOslcRdfXmlProvider:281, [TRACE] 2023-01-01 19:42:15 - Using 'RDF/XML-ABBREV' writer for 'application/xml' Accept media type
RestDelegate:138, [INFO ] 2023-01-01 19:42:15 - Resource ID: 15
RestDelegate:139, [INFO ] 2023-01-01 19:42:15 - In Fact this is the file: org.polarsys.capella.vp.mass.rules.transformation.source_1.3.0.201811121102.jar
WebService_FileExposure:313, [INFO ] 2023-01-01 19:42:15 - Current File: org.polarsys.capella.vp.mass.rules.transformation.source_1.3.0.201811121102.jar
WebService_FileExposure:314, [INFO ] 2023-01-01 19:42:15 - Last Mod Date: Mon Nov 12 06:05:24 MSK 2018
JenaModelHelper:230, [TRACE] 2023-01-01 19:42:15 - createJenaModel - Execution Duration: 8 ms
AbstractOslcRdfXmlProvider:154, [TRACE] 2023-01-01 19:42:15 - writeObjectsTo - Execution Duration: 14 ms
RestDelegate:138, [INFO ] 2023-01-01 19:42:15 - Resource ID: 15
RestDelegate:139, [INFO ] 2023-01-01 19:42:15 - In Fact this is the file: org.polarsys.capella.vp.mass.rules.transformation.source_1.3.0.201811121102.jar
WebService_FileExposure:280, [INFO ] 2023-01-01 19:42:15 - Current File: org.polarsys.capella.vp.mass.rules.transformation.source_1.3.0.201811121102.jar
WebService_FileExposure:281, [INFO ] 2023-01-01 19:42:15 - Last Mod Date: Mon Nov 12 06:05:24 MSK 2018
AbstractOslcRdfXmlProvider:281, [TRACE] 2023-01-01 19:42:15 - Using 'RDF/XML-ABBREV' writer for 'application/xml' Accept media type
RestDelegate:138, [INFO ] 2023-01-01 19:42:15 - Resource ID: 15
RestDelegate:139, [INFO ] 2023-01-01 19:42:15 - In Fact this is the file: org.polarsys.capella.vp.mass.rules.transformation.source_1.3.0.201811121102.jar
JenaModelHelper:230, [TRACE] 2023-01-01 19:42:15 - createJenaModel - Execution Duration: 8 ms
WebService_FileExposure:313, [INFO ] 2023-01-01 19:42:15 - Current File: org.polarsys.capella.vp.mass.rules.transformation.source_1.3.0.201811121102.jar
WebService_FileExposure:314, [INFO ] 2023-01-01 19:42:15 - Last Mod Date: Mon Nov 12 06:05:24 MSK 2018
AbstractOslcRdfXmlProvider:154, [TRACE] 2023-01-01 19:42:15 - writeObjectsTo - Execution Duration: 13 ms
RestDelegate:138, [INFO ] 2023-01-01 19:42:15 - Resource ID: 15
RestDelegate:139, [INFO ] 2023-01-01 19:42:15 - In Fact this is the file: org.polarsys.capella.vp.mass.rules.transformation.source_1.3.0.201811121102.jar
WebService_FileExposure:280, [INFO ] 2023-01-01 19:42:15 - Current File: org.polarsys.capella.vp.mass.rules.transformation.source_1.3.0.201811121102.jar
WebService_FileExposure:281, [INFO ] 2023-01-01 19:42:15 - Last Mod Date: Mon Nov 12 06:05:24 MSK 2018
AbstractOslcRdfXmlProvider:281, [TRACE] 2023-01-01 19:42:15 - Using 'RDF/XML-ABBREV' writer for 'application/xml' Accept media type
JenaModelHelper:230, [TRACE] 2023-01-01 19:42:15 - createJenaModel - Execution Duration: 11 ms
RestDelegate:138, [INFO ] 2023-01-01 19:42:15 - Resource ID: 15
RestDelegate:139, [INFO ] 2023-01-01 19:42:15 - In Fact this is the file: org.polarsys.capella.vp.mass.rules.transformation.source_1.3.0.201811121102.jar
AbstractOslcRdfXmlProvider:154, [TRACE] 2023-01-01 19:42:15 - writeObjectsTo - Execution Duration: 16 ms
WebService_FileExposure:313, [INFO ] 2023-01-01 19:42:15 - Current File: org.polarsys.capella.vp.mass.rules.transformation.source_1.3.0.201811121102.jar
WebService_FileExposure:314, [INFO ] 2023-01-01 19:42:15 - Last Mod Date: Mon Nov 12 06:05:24 MSK 2018
RestDelegate:138, [INFO ] 2023-01-01 19:42:15 - Resource ID: 15
RestDelegate:139, [INFO ] 2023-01-01 19:42:15 - In Fact this is the file: org.polarsys.capella.vp.mass.rules.transformation.source_1.3.0.201811121102.jar
WebService_FileExposure:280, [INFO ] 2023-01-01 19:42:15 - Current File: org.polarsys.capella.vp.mass.rules.transformation.source_1.3.0.201811121102.jar
WebService_FileExposure:281, [INFO ] 2023-01-01 19:42:15 - Last Mod Date: Mon Nov 12 06:05:24 MSK 2018
AbstractOslcRdfXmlProvider:281, [TRACE] 2023-01-01 19:42:15 - Using 'RDF/XML-ABBREV' writer for 'application/xml' Accept media type
JenaModelHelper:230, [TRACE] 2023-01-01 19:42:15 - createJenaModel - Execution Duration: 9 ms
RestDelegate:138, [INFO ] 2023-01-01 19:42:15 - Resource ID: 15
RestDelegate:139, [INFO ] 2023-01-01 19:42:15 - In Fact this is the file: org.polarsys.capella.vp.mass.rules.transformation.source_1.3.0.201811121102.jar
WebService_FileExposure:313, [INFO ] 2023-01-01 19:42:15 - Current File: org.polarsys.capella.vp.mass.rules.transformation.source_1.3.0.201811121102.jar
AbstractOslcRdfXmlProvider:154, [TRACE] 2023-01-01 19:42:15 - writeObjectsTo - Execution Duration: 14 ms
WebService_FileExposure:314, [INFO ] 2023-01-01 19:42:15 - Last Mod Date: Mon Nov 12 06:05:24 MSK 2018
RestDelegate:138, [INFO ] 2023-01-01 19:42:16 - Resource ID: 15
RestDelegate:139, [INFO ] 2023-01-01 19:42:16 - In Fact this is the file: org.polarsys.capella.vp.mass.rules.transformation.source_1.3.0.201811121102.jar
WebService_FileExposure:280, [INFO ] 2023-01-01 19:42:16 - Current File: org.polarsys.capella.vp.mass.rules.transformation.source_1.3.0.201811121102.jar
WebService_FileExposure:281, [INFO ] 2023-01-01 19:42:16 - Last Mod Date: Mon Nov 12 06:05:24 MSK 2018
AbstractOslcRdfXmlProvider:281, [TRACE] 2023-01-01 19:42:16 - Using 'RDF/XML-ABBREV' writer for 'application/xml' Accept media type
JenaModelHelper:230, [TRACE] 2023-01-01 19:42:16 - createJenaModel - Execution Duration: 13 ms
AbstractOslcRdfXmlProvider:154, [TRACE] 2023-01-01 19:42:16 - writeObjectsTo - Execution Duration: 19 ms
RestDelegate:138, [INFO ] 2023-01-01 19:42:17 - Resource ID: 16
RestDelegate:139, [INFO ] 2023-01-01 19:42:17 - In Fact this is the file: org.polarsys.capella.vp.mass.rules.transformation_1.3.0.201811121102.jar
WebService_FileExposure:280, [INFO ] 2023-01-01 19:42:17 - Current File: org.polarsys.capella.vp.mass.rules.transformation_1.3.0.201811121102.jar
WebService_FileExposure:281, [INFO ] 2023-01-01 19:42:17 - Last Mod Date: Mon Nov 12 06:05:24 MSK 2018
AbstractOslcRdfXmlProvider:281, [TRACE] 2023-01-01 19:42:17 - Using 'RDF/XML-ABBREV' writer for 'application/xml' Accept media type
RestDelegate:138, [INFO ] 2023-01-01 19:42:17 - Resource ID: 16
RestDelegate:139, [INFO ] 2023-01-01 19:42:17 - In Fact this is the file: org.polarsys.capella.vp.mass.rules.transformation_1.3.0.201811121102.jar
WebService_FileExposure:313, [INFO ] 2023-01-01 19:42:17 - Current File: org.polarsys.capella.vp.mass.rules.transformation_1.3.0.201811121102.jar
WebService_FileExposure:314, [INFO ] 2023-01-01 19:42:17 - Last Mod Date: Mon Nov 12 06:05:24 MSK 2018
JenaModelHelper:230, [TRACE] 2023-01-01 19:42:17 - createJenaModel - Execution Duration: 10 ms
AbstractOslcRdfXmlProvider:154, [TRACE] 2023-01-01 19:42:17 - writeObjectsTo - Execution Duration: 13 ms
RestDelegate:138, [INFO ] 2023-01-01 19:42:17 - Resource ID: 16
RestDelegate:139, [INFO ] 2023-01-01 19:42:17 - In Fact this is the file: org.polarsys.capella.vp.mass.rules.transformation_1.3.0.201811121102.jar
WebService_FileExposure:280, [INFO ] 2023-01-01 19:42:17 - Current File: org.polarsys.capella.vp.mass.rules.transformation_1.3.0.201811121102.jar
WebService_FileExposure:281, [INFO ] 2023-01-01 19:42:17 - Last Mod Date: Mon Nov 12 06:05:24 MSK 2018
AbstractOslcRdfXmlProvider:281, [TRACE] 2023-01-01 19:42:17 - Using 'RDF/XML-ABBREV' writer for 'application/xml' Accept media type
JenaModelHelper:230, [TRACE] 2023-01-01 19:42:17 - createJenaModel - Execution Duration: 12 ms
AbstractOslcRdfXmlProvider:154, [TRACE] 2023-01-01 19:42:17 - writeObjectsTo - Execution Duration: 15 ms
RestDelegate:138, [INFO ] 2023-01-01 19:42:17 - Resource ID: 16
RestDelegate:139, [INFO ] 2023-01-01 19:42:17 - In Fact this is the file: org.polarsys.capella.vp.mass.rules.transformation_1.3.0.201811121102.jar
WebService_FileExposure:313, [INFO ] 2023-01-01 19:42:17 - Current File: org.polarsys.capella.vp.mass.rules.transformation_1.3.0.201811121102.jar
WebService_FileExposure:314, [INFO ] 2023-01-01 19:42:17 - Last Mod Date: Mon Nov 12 06:05:24 MSK 2018
RestDelegate:138, [INFO ] 2023-01-01 19:42:17 - Resource ID: 16
RestDelegate:139, [INFO ] 2023-01-01 19:42:17 - In Fact this is the file: org.polarsys.capella.vp.mass.rules.transformation_1.3.0.201811121102.jar
WebService_FileExposure:280, [INFO ] 2023-01-01 19:42:17 - Current File: org.polarsys.capella.vp.mass.rules.transformation_1.3.0.201811121102.jar
WebService_FileExposure:281, [INFO ] 2023-01-01 19:42:17 - Last Mod Date: Mon Nov 12 06:05:24 MSK 2018
AbstractOslcRdfXmlProvider:281, [TRACE] 2023-01-01 19:42:17 - Using 'RDF/XML-ABBREV' writer for 'application/xml' Accept media type
JenaModelHelper:230, [TRACE] 2023-01-01 19:42:17 - createJenaModel - Execution Duration: 12 ms
AbstractOslcRdfXmlProvider:154, [TRACE] 2023-01-01 19:42:17 - writeObjectsTo - Execution Duration: 15 ms
RestDelegate:138, [INFO ] 2023-01-01 19:42:17 - Resource ID: 16
RestDelegate:139, [INFO ] 2023-01-01 19:42:17 - In Fact this is the file: org.polarsys.capella.vp.mass.rules.transformation_1.3.0.201811121102.jar
WebService_FileExposure:313, [INFO ] 2023-01-01 19:42:17 - Current File: org.polarsys.capella.vp.mass.rules.transformation_1.3.0.201811121102.jar
WebService_FileExposure:314, [INFO ] 2023-01-01 19:42:17 - Last Mod Date: Mon Nov 12 06:05:24 MSK 2018
RestDelegate:138, [INFO ] 2023-01-01 19:42:17 - Resource ID: 16
RestDelegate:139, [INFO ] 2023-01-01 19:42:17 - In Fact this is the file: org.polarsys.capella.vp.mass.rules.transformation_1.3.0.201811121102.jar
WebService_FileExposure:280, [INFO ] 2023-01-01 19:42:17 - Current File: org.polarsys.capella.vp.mass.rules.transformation_1.3.0.201811121102.jar
WebService_FileExposure:281, [INFO ] 2023-01-01 19:42:17 - Last Mod Date: Mon Nov 12 06:05:24 MSK 2018
AbstractOslcRdfXmlProvider:281, [TRACE] 2023-01-01 19:42:17 - Using 'RDF/XML-ABBREV' writer for 'application/xml' Accept media type
JenaModelHelper:230, [TRACE] 2023-01-01 19:42:17 - createJenaModel - Execution Duration: 15 ms
AbstractOslcRdfXmlProvider:154, [TRACE] 2023-01-01 19:42:17 - writeObjectsTo - Execution Duration: 19 ms
RestDelegate:138, [INFO ] 2023-01-01 19:42:18 - Resource ID: 22
RestDelegate:139, [INFO ] 2023-01-01 19:42:18 - In Fact this is the file: org.polarsys.capella.vp.mass.ui.source_1.3.0.201811121102.jar
WebService_FileExposure:280, [INFO ] 2023-01-01 19:42:18 - Current File: org.polarsys.capella.vp.mass.ui.source_1.3.0.201811121102.jar
WebService_FileExposure:281, [INFO ] 2023-01-01 19:42:18 - Last Mod Date: Mon Nov 12 06:05:24 MSK 2018
AbstractOslcRdfXmlProvider:281, [TRACE] 2023-01-01 19:42:18 - Using 'RDF/XML-ABBREV' writer for 'application/xml' Accept media type
JenaModelHelper:230, [TRACE] 2023-01-01 19:42:18 - createJenaModel - Execution Duration: 7 ms
AbstractOslcRdfXmlProvider:154, [TRACE] 2023-01-01 19:42:18 - writeObjectsTo - Execution Duration: 10 ms
RestDelegate:138, [INFO ] 2023-01-01 19:42:18 - Resource ID: 22
RestDelegate:139, [INFO ] 2023-01-01 19:42:18 - In Fact this is the file: org.polarsys.capella.vp.mass.ui.source_1.3.0.201811121102.jar
WebService_FileExposure:313, [INFO ] 2023-01-01 19:42:18 - Current File: org.polarsys.capella.vp.mass.ui.source_1.3.0.201811121102.jar
WebService_FileExposure:314, [INFO ] 2023-01-01 19:42:18 - Last Mod Date: Mon Nov 12 06:05:24 MSK 2018
RestDelegate:138, [INFO ] 2023-01-01 19:42:55 - Resource ID: 16
RestDelegate:139, [INFO ] 2023-01-01 19:42:55 - In Fact this is the file: org.polarsys.capella.vp.mass.rules.transformation_1.3.0.201811121102.jar
WebService_FileExposure:280, [INFO ] 2023-01-01 19:42:55 - Current File: org.polarsys.capella.vp.mass.rules.transformation_1.3.0.201811121102.jar
WebService_FileExposure:281, [INFO ] 2023-01-01 19:42:55 - Last Mod Date: Mon Nov 12 06:05:24 MSK 2018
AbstractOslcRdfXmlProvider:281, [TRACE] 2023-01-01 19:42:55 - Using 'RDF/XML-ABBREV' writer for 'application/xml' Accept media type
JenaModelHelper:230, [TRACE] 2023-01-01 19:42:55 - createJenaModel - Execution Duration: 10 ms
AbstractOslcRdfXmlProvider:154, [TRACE] 2023-01-01 19:42:55 - writeObjectsTo - Execution Duration: 17 ms
RestDelegate:138, [INFO ] 2023-01-01 19:42:55 - Resource ID: 16
RestDelegate:139, [INFO ] 2023-01-01 19:42:55 - In Fact this is the file: org.polarsys.capella.vp.mass.rules.transformation_1.3.0.201811121102.jar
WebService_FileExposure:313, [INFO ] 2023-01-01 19:42:55 - Current File: org.polarsys.capella.vp.mass.rules.transformation_1.3.0.201811121102.jar
WebService_FileExposure:314, [INFO ] 2023-01-01 19:42:55 - Last Mod Date: Mon Nov 12 06:05:24 MSK 2018
RestDelegate:138, [INFO ] 2023-01-01 19:42:55 - Resource ID: 16
RestDelegate:139, [INFO ] 2023-01-01 19:42:55 - In Fact this is the file: org.polarsys.capella.vp.mass.rules.transformation_1.3.0.201811121102.jar
WebService_FileExposure:280, [INFO ] 2023-01-01 19:42:55 - Current File: org.polarsys.capella.vp.mass.rules.transformation_1.3.0.201811121102.jar
WebService_FileExposure:281, [INFO ] 2023-01-01 19:42:55 - Last Mod Date: Mon Nov 12 06:05:24 MSK 2018
AbstractOslcRdfXmlProvider:281, [TRACE] 2023-01-01 19:42:55 - Using 'RDF/XML-ABBREV' writer for 'application/xml' Accept media type
JenaModelHelper:230, [TRACE] 2023-01-01 19:42:56 - createJenaModel - Execution Duration: 6 ms
AbstractOslcRdfXmlProvider:154, [TRACE] 2023-01-01 19:42:56 - writeObjectsTo - Execution Duration: 8 ms
RestDelegate:138, [INFO ] 2023-01-01 19:42:56 - Resource ID: 16
RestDelegate:139, [INFO ] 2023-01-01 19:42:56 - In Fact this is the file: org.polarsys.capella.vp.mass.rules.transformation_1.3.0.201811121102.jar
WebService_FileExposure:280, [INFO ] 2023-01-01 19:42:56 - Current File: org.polarsys.capella.vp.mass.rules.transformation_1.3.0.201811121102.jar
WebService_FileExposure:281, [INFO ] 2023-01-01 19:42:56 - Last Mod Date: Mon Nov 12 06:05:24 MSK 2018
AbstractOslcRdfXmlProvider:281, [TRACE] 2023-01-01 19:42:56 - Using 'RDF/XML-ABBREV' writer for 'application/xml' Accept media type
JenaModelHelper:230, [TRACE] 2023-01-01 19:42:56 - createJenaModel - Execution Duration: 9 ms
AbstractOslcRdfXmlProvider:154, [TRACE] 2023-01-01 19:42:56 - writeObjectsTo - Execution Duration: 11 ms
RestDelegate:138, [INFO ] 2023-01-01 19:42:56 - Resource ID: 16
RestDelegate:139, [INFO ] 2023-01-01 19:42:56 - In Fact this is the file: org.polarsys.capella.vp.mass.rules.transformation_1.3.0.201811121102.jar
WebService_FileExposure:313, [INFO ] 2023-01-01 19:42:56 - Current File: org.polarsys.capella.vp.mass.rules.transformation_1.3.0.201811121102.jar
WebService_FileExposure:314, [INFO ] 2023-01-01 19:42:56 - Last Mod Date: Mon Nov 12 06:05:24 MSK 2018
RestDelegate:138, [INFO ] 2023-01-01 19:42:57 - Resource ID: 22
RestDelegate:139, [INFO ] 2023-01-01 19:42:57 - In Fact this is the file: org.polarsys.capella.vp.mass.vpdsl.source_1.2.0.201811121102.jar
WebService_FileExposure:313, [INFO ] 2023-01-01 19:42:57 - Current File: org.polarsys.capella.vp.mass.vpdsl.source_1.2.0.201811121102.jar
WebService_FileExposure:314, [INFO ] 2023-01-01 19:42:57 - Last Mod Date: Mon Nov 12 06:05:24 MSK 2018
RestDelegate:138, [INFO ] 2023-01-01 19:42:57 - Resource ID: 22
RestDelegate:139, [INFO ] 2023-01-01 19:42:57 - In Fact this is the file: org.polarsys.capella.vp.mass.vpdsl.source_1.2.0.201811121102.jar
WebService_FileExposure:280, [INFO ] 2023-01-01 19:42:57 - Current File: org.polarsys.capella.vp.mass.vpdsl.source_1.2.0.201811121102.jar
WebService_FileExposure:281, [INFO ] 2023-01-01 19:42:57 - Last Mod Date: Mon Nov 12 06:05:24 MSK 2018
AbstractOslcRdfXmlProvider:281, [TRACE] 2023-01-01 19:42:57 - Using 'RDF/XML-ABBREV' writer for 'application/xml' Accept media type
JenaModelHelper:230, [TRACE] 2023-01-01 19:42:57 - createJenaModel - Execution Duration: 9 ms
AbstractOslcRdfXmlProvider:154, [TRACE] 2023-01-01 19:42:57 - writeObjectsTo - Execution Duration: 11 ms
RestDelegate:138, [INFO ] 2023-01-01 19:42:57 - Resource ID: 22
RestDelegate:139, [INFO ] 2023-01-01 19:42:57 - In Fact this is the file: org.polarsys.capella.vp.mass.ui.source_1.3.0.201811121102.jar
WebService_FileExposure:313, [INFO ] 2023-01-01 19:42:57 - Current File: org.polarsys.capella.vp.mass.ui.source_1.3.0.201811121102.jar
WebService_FileExposure:314, [INFO ] 2023-01-01 19:42:57 - Last Mod Date: Mon Nov 12 06:05:24 MSK 2018
RestDelegate:138, [INFO ] 2023-01-01 19:42:57 - Resource ID: 22
RestDelegate:139, [INFO ] 2023-01-01 19:42:57 - In Fact this is the file: org.polarsys.capella.vp.mass.ui.source_1.3.0.201811121102.jar
WebService_FileExposure:208, [INFO ] 2023-01-01 19:42:57 - Current File: org.polarsys.capella.vp.mass.ui.source_1.3.0.201811121102.jar
WebService_FileExposure:209, [INFO ] 2023-01-01 19:42:57 - Last Mod Date: Mon Nov 12 06:05:24 MSK 2018
RestDelegate:138, [INFO ] 2023-01-01 19:42:58 - Resource ID: 22
RestDelegate:139, [INFO ] 2023-01-01 19:42:58 - In Fact this is the file: org.polarsys.capella.vp.mass.ui.source_1.3.0.201811121102.jar
WebService_FileExposure:280, [INFO ] 2023-01-01 19:42:58 - Current File: org.polarsys.capella.vp.mass.ui.source_1.3.0.201811121102.jar
WebService_FileExposure:281, [INFO ] 2023-01-01 19:42:58 - Last Mod Date: Mon Nov 12 06:05:24 MSK 2018
AbstractOslcRdfXmlProvider:281, [TRACE] 2023-01-01 19:42:58 - Using 'RDF/XML-ABBREV' writer for 'application/xml' Accept media type
JenaModelHelper:230, [TRACE] 2023-01-01 19:42:58 - createJenaModel - Execution Duration: 9 ms
AbstractOslcRdfXmlProvider:154, [TRACE] 2023-01-01 19:42:58 - writeObjectsTo - Execution Duration: 12 ms
WebService_FileExposure:154, [DEBUG] 2023-01-01 21:32:54 - ENV variable 'LYO_BASEURL' not defined
WebService_FileExposure:164, [DEBUG] 2023-01-01 21:32:54 - System (JVM) property 'com.krusty84.fileconnector.servlet.baseurl' not defined
WebService_FileExposure:177, [INFO ] 2023-01-01 21:32:54 - Found com.krusty84.fileconnector.servlet.baseurl context parameter
WebService_FileExposure:83, [INFO ] 2023-01-01 21:32:54 - Setting public URI: http://localhost:8181/filesystem-connector
WebService_FileExposure:85, [INFO ] 2023-01-01 21:32:54 - Setting servlet path: /oslc/
WebService_FileExposure:93, [INFO ] 2023-01-01 21:32:54 - servletListner contextInitialized.
CrossOriginFilter:223, [DEBUG] 2023-01-01 21:32:54 - Cross-origin filter configuration: allowedOrigins = *, allowedTimingOrigins = null, allowedMethods = GET,POST,HEAD, allowedHeaders = X-Requested-With,Content-Type,Accept,Origin, preflightMaxAge = 1800, allowCredentials = true,exposedHeaders = ,chainPreflight = true
WebService_FileExposure:55, [INFO ] 2023-01-01 21:32:54 - HK2 contract binding init
WebService_FileExposure:62, [INFO ] 2023-01-01 21:32:54 - HK2 contract binding start
RestDelegate:65, [TRACE] 2023-01-01 21:33:02 - Delegate is initialized
ServiceProviderService1:247, [INFO ] 2023-01-01 21:33:02 - The Query was called,from: plugins
RestDelegate:138, [INFO ] 2023-01-01 21:33:02 - Resource ID: 26
RestDelegate:139, [INFO ] 2023-01-01 21:33:02 - In Fact this is the file: org.polarsys.capella.vp.mass_1.3.0.201811121102.jar
WebService_FileExposure:280, [INFO ] 2023-01-01 21:33:02 - Current File: org.polarsys.capella.vp.mass_1.3.0.201811121102.jar
WebService_FileExposure:281, [INFO ] 2023-01-01 21:33:02 - Last Mod Date: Mon Nov 12 06:05:24 MSK 2018
AbstractOslcRdfXmlProvider:281, [TRACE] 2023-01-01 21:33:02 - Using 'RDF/XML-ABBREV' writer for 'application/xml' Accept media type
LocatorFile:154, [TRACE] 2023-01-01 21:33:03 - Not found: location-mapping.ttl
LocatorClassLoader:66, [TRACE] 2023-01-01 21:33:03 - Failed to open: location-mapping.ttl
LocatorFile:154, [TRACE] 2023-01-01 21:33:03 - Not found: location-mapping.rdf
LocatorClassLoader:66, [TRACE] 2023-01-01 21:33:03 - Failed to open: location-mapping.rdf
LocatorFile:154, [TRACE] 2023-01-01 21:33:03 - Not found: etc/location-mapping.rdf
LocatorClassLoader:66, [TRACE] 2023-01-01 21:33:03 - Failed to open: etc/location-mapping.rdf
LocatorFile:154, [TRACE] 2023-01-01 21:33:03 - Not found: etc/location-mapping.ttl
LocatorClassLoader:66, [TRACE] 2023-01-01 21:33:03 - Failed to open: etc/location-mapping.ttl
JenaIOEnvironment:180, [DEBUG] 2023-01-01 21:33:03 - Failed to find configuration: location-mapping.ttl;location-mapping.rdf;etc/location-mapping.rdf;etc/location-mapping.ttl
info:337, [DEBUG] 2023-01-01 21:33:03 - System architecture: 64 bit
System:78, [DEBUG] 2023-01-01 21:33:03 - System architecture: 64 bit
JenaModelHelper:230, [TRACE] 2023-01-01 21:33:03 - createJenaModel - Execution Duration: 406 ms
AbstractOslcRdfXmlProvider:154, [TRACE] 2023-01-01 21:33:03 - writeObjectsTo - Execution Duration: 422 ms
RestDelegate:138, [INFO ] 2023-01-01 21:33:03 - Resource ID: 25
RestDelegate:139, [INFO ] 2023-01-01 21:33:03 - In Fact this is the file: org.polarsys.capella.vp.mass.vpdsl_1.2.0.201811121102.jar
WebService_FileExposure:280, [INFO ] 2023-01-01 21:33:03 - Current File: org.polarsys.capella.vp.mass.vpdsl_1.2.0.201811121102.jar
WebService_FileExposure:281, [INFO ] 2023-01-01 21:33:03 - Last Mod Date: Mon Nov 12 06:05:24 MSK 2018
AbstractOslcRdfXmlProvider:281, [TRACE] 2023-01-01 21:33:03 - Using 'RDF/XML-ABBREV' writer for 'application/xml' Accept media type
JenaModelHelper:230, [TRACE] 2023-01-01 21:33:03 - createJenaModel - Execution Duration: 2 ms
AbstractOslcRdfXmlProvider:154, [TRACE] 2023-01-01 21:33:03 - writeObjectsTo - Execution Duration: 3 ms
RestDelegate:138, [INFO ] 2023-01-01 21:33:03 - Resource ID: 25
RestDelegate:139, [INFO ] 2023-01-01 21:33:03 - In Fact this is the file: org.polarsys.capella.vp.mass.vpdsl_1.2.0.201811121102.jar
WebService_FileExposure:313, [INFO ] 2023-01-01 21:33:03 - Current File: org.polarsys.capella.vp.mass.vpdsl_1.2.0.201811121102.jar
WebService_FileExposure:314, [INFO ] 2023-01-01 21:33:03 - Last Mod Date: Mon Nov 12 06:05:24 MSK 2018
RestDelegate:138, [INFO ] 2023-01-01 21:33:04 - Resource ID: 25
RestDelegate:139, [INFO ] 2023-01-01 21:33:04 - In Fact this is the file: org.polarsys.capella.vp.mass.vpdsl_1.2.0.201811121102.jar
WebService_FileExposure:208, [INFO ] 2023-01-01 21:33:04 - Current File: org.polarsys.capella.vp.mass.vpdsl_1.2.0.201811121102.jar
WebService_FileExposure:209, [INFO ] 2023-01-01 21:33:04 - Last Mod Date: Mon Nov 12 06:05:24 MSK 2018
RestDelegate:138, [INFO ] 2023-01-01 21:33:04 - Resource ID: 25
RestDelegate:139, [INFO ] 2023-01-01 21:33:04 - In Fact this is the file: org.polarsys.capella.vp.mass.vpdsl_1.2.0.201811121102.jar
WebService_FileExposure:280, [INFO ] 2023-01-01 21:33:04 - Current File: org.polarsys.capella.vp.mass.vpdsl_1.2.0.201811121102.jar
WebService_FileExposure:281, [INFO ] 2023-01-01 21:33:04 - Last Mod Date: Mon Nov 12 06:05:24 MSK 2018
AbstractOslcRdfXmlProvider:281, [TRACE] 2023-01-01 21:33:04 - Using 'RDF/XML-ABBREV' writer for 'application/xml' Accept media type
JenaModelHelper:230, [TRACE] 2023-01-01 21:33:04 - createJenaModel - Execution Duration: 4 ms
AbstractOslcRdfXmlProvider:154, [TRACE] 2023-01-01 21:33:04 - writeObjectsTo - Execution Duration: 5 ms
WebService_FileExposure:154, [DEBUG] 2023-01-01 21:34:40 - ENV variable 'LYO_BASEURL' not defined
WebService_FileExposure:164, [DEBUG] 2023-01-01 21:34:40 - System (JVM) property 'com.krusty84.fileconnector.servlet.baseurl' not defined
WebService_FileExposure:177, [INFO ] 2023-01-01 21:34:40 - Found com.krusty84.fileconnector.servlet.baseurl context parameter
WebService_FileExposure:83, [INFO ] 2023-01-01 21:34:40 - Setting public URI: http://localhost:8181/filesystem-connector
WebService_FileExposure:85, [INFO ] 2023-01-01 21:34:40 - Setting servlet path: /oslc/
WebService_FileExposure:93, [INFO ] 2023-01-01 21:34:40 - servletListner contextInitialized.
CrossOriginFilter:223, [DEBUG] 2023-01-01 21:34:40 - Cross-origin filter configuration: allowedOrigins = *, allowedTimingOrigins = null, allowedMethods = GET,POST,HEAD, allowedHeaders = X-Requested-With,Content-Type,Accept,Origin, preflightMaxAge = 1800, allowCredentials = true,exposedHeaders = ,chainPreflight = true
WebService_FileExposure:154, [DEBUG] 2023-01-01 21:38:52 - ENV variable 'LYO_BASEURL' not defined
WebService_FileExposure:164, [DEBUG] 2023-01-01 21:38:52 - System (JVM) property 'com.krusty84.fileconnector.servlet.baseurl' not defined
WebService_FileExposure:177, [INFO ] 2023-01-01 21:38:52 - Found com.krusty84.fileconnector.servlet.baseurl context parameter
WebService_FileExposure:83, [INFO ] 2023-01-01 21:38:52 - Setting public URI: http://localhost:8181/filesystem-connector
WebService_FileExposure:85, [INFO ] 2023-01-01 21:38:52 - Setting servlet path: /oslc/
WebService_FileExposure:93, [INFO ] 2023-01-01 21:38:52 - servletListner contextInitialized.
CrossOriginFilter:223, [DEBUG] 2023-01-01 21:38:52 - Cross-origin filter configuration: allowedOrigins = *, allowedTimingOrigins = null, allowedMethods = GET,POST,HEAD, allowedHeaders = X-Requested-With,Content-Type,Accept,Origin, preflightMaxAge = 1800, allowCredentials = true,exposedHeaders = ,chainPreflight = true
WebService_FileExposure:154, [DEBUG] 2023-01-01 21:40:12 - ENV variable 'LYO_BASEURL' not defined
WebService_FileExposure:164, [DEBUG] 2023-01-01 21:40:12 - System (JVM) property 'com.krusty84.fileconnector.servlet.baseurl' not defined
WebService_FileExposure:177, [INFO ] 2023-01-01 21:40:12 - Found com.krusty84.fileconnector.servlet.baseurl context parameter
WebService_FileExposure:83, [INFO ] 2023-01-01 21:40:12 - Setting public URI: http://localhost:8181/filesystem-connector
WebService_FileExposure:85, [INFO ] 2023-01-01 21:40:12 - Setting servlet path: /oslc/
WebService_FileExposure:93, [INFO ] 2023-01-01 21:40:12 - servletListner contextInitialized.
CrossOriginFilter:223, [DEBUG] 2023-01-01 21:40:12 - Cross-origin filter configuration: allowedOrigins = *, allowedTimingOrigins = null, allowedMethods = GET,POST,HEAD, allowedHeaders = X-Requested-With,Content-Type,Accept,Origin, preflightMaxAge = 1800, allowCredentials = true,exposedHeaders = ,chainPreflight = true
